{"name":"loginUserTest","status":"broken","statusDetails":{"known":false,"muted":false,"flaky":false,"message":"Expected condition failed: Element is not visible (tried for 10 second(s) with 1000 milliseconds interval)\nBuild info: version: '4.4.0', revision: 'e5c75ed026a'\nSystem info: host: 'DESKTOP-DH252H2', ip: '192.168.56.1', os.name: 'Windows 10', os.arch: 'amd64', os.version: '10.0', java.version: '18.0.2'\nDriver info: net.bytebuddy.renamed.java.lang.Object$ByteBuddy$8PZG7LlN\nCapabilities {acceptInsecureCerts: false, browserName: chrome, browserVersion: 106.0.5249.119, chrome: {chromedriverVersion: 106.0.5249.61 (511755355844..., userDataDir: C:\\Users\\Ivan\\AppData\\Local...}, goog:chromeOptions: {debuggerAddress: localhost:62411}, networkConnectionEnabled: false, pageLoadStrategy: normal, platformName: WINDOWS, proxy: Proxy(), se:cdp: ws://localhost:62411/devtoo..., se:cdpVersion: 106.0.5249.119, setWindowRect: true, strictFileInteractability: false, timeouts: {implicit: 0, pageLoad: 300000, script: 30000}, unhandledPromptBehavior: dismiss and notify, webauthn:extension:credBlob: true, webauthn:extension:largeBlob: true, webauthn:virtualAuthenticators: true}\nSession ID: 019d61b14d28d1fc69d092f3e571013d","trace":"org.openqa.selenium.TimeoutException: Expected condition failed: Element is not visible (tried for 10 second(s) with 1000 milliseconds interval)\nBuild info: version: '4.4.0', revision: 'e5c75ed026a'\nSystem info: host: 'DESKTOP-DH252H2', ip: '192.168.56.1', os.name: 'Windows 10', os.arch: 'amd64', os.version: '10.0', java.version: '18.0.2'\nDriver info: net.bytebuddy.renamed.java.lang.Object$ByteBuddy$8PZG7LlN\nCapabilities {acceptInsecureCerts: false, browserName: chrome, browserVersion: 106.0.5249.119, chrome: {chromedriverVersion: 106.0.5249.61 (511755355844..., userDataDir: C:\\Users\\Ivan\\AppData\\Local...}, goog:chromeOptions: {debuggerAddress: localhost:62411}, networkConnectionEnabled: false, pageLoadStrategy: normal, platformName: WINDOWS, proxy: Proxy(), se:cdp: ws://localhost:62411/devtoo..., se:cdpVersion: 106.0.5249.119, setWindowRect: true, strictFileInteractability: false, timeouts: {implicit: 0, pageLoad: 300000, script: 30000}, unhandledPromptBehavior: dismiss and notify, webauthn:extension:credBlob: true, webauthn:extension:largeBlob: true, webauthn:virtualAuthenticators: true}\nSession ID: 019d61b14d28d1fc69d092f3e571013d\r\n\tat org.openqa.selenium.support.ui.WebDriverWait.timeoutException(WebDriverWait.java:87)\r\n\tat org.openqa.selenium.support.ui.FluentWait.until(FluentWait.java:231)\r\n\tat org.example.utils.WaitUtils.waitElementToDisappear(WaitUtils.java:20)\r\n\tat org.example.pages.MainPage$RegisterForm.fillResisterForm(MainPage.java:104)\r\n\tat org.example.pages.MainPage.registerUser(MainPage.java:36)\r\n\tat org.example.LoginUserTest.loginUserTest(LoginUserTest.java:18)\r\n\tat java.base/jdk.internal.reflect.DirectMethodHandleAccessor.invoke(DirectMethodHandleAccessor.java:104)\r\n\tat java.base/java.lang.reflect.Method.invoke(Method.java:577)\r\n\tat org.testng.internal.invokers.MethodInvocationHelper.invokeMethod(MethodInvocationHelper.java:135)\r\n\tat org.testng.internal.invokers.TestInvoker.invokeMethod(TestInvoker.java:673)\r\n\tat org.testng.internal.invokers.TestInvoker.invokeTestMethod(TestInvoker.java:220)\r\n\tat org.testng.internal.invokers.MethodRunner.runInSequence(MethodRunner.java:50)\r\n\tat org.testng.internal.invokers.TestInvoker$MethodInvocationAgent.invoke(TestInvoker.java:945)\r\n\tat org.testng.internal.invokers.TestInvoker.invokeTestMethods(TestInvoker.java:193)\r\n\tat org.testng.internal.invokers.TestMethodWorker.invokeTestMethods(TestMethodWorker.java:146)\r\n\tat org.testng.internal.invokers.TestMethodWorker.run(TestMethodWorker.java:128)\r\n\tat java.base/java.util.concurrent.ThreadPoolExecutor.runWorker(ThreadPoolExecutor.java:1136)\r\n\tat java.base/java.util.concurrent.ThreadPoolExecutor$Worker.run(ThreadPoolExecutor.java:635)\r\n\tat java.base/java.lang.Thread.run(Thread.java:833)\r\n"},"stage":"finished","description":"This test check if user can log in to the system","steps":[{"name":"Open Main Page","status":"passed","stage":"finished","steps":[],"attachments":[],"parameters":[],"start":1666561920705,"stop":1666561924293},{"name":"Fill in Register form with hte user :[User{userName='karmen.kautzer', firstName='Willy', lastName='Jacobi', email='felipe.mueller@yahoo.com', password='34js8k5r'}]","status":"broken","statusDetails":{"known":false,"muted":false,"flaky":false,"message":"Expected condition failed: Element is not visible (tried for 10 second(s) with 1000 milliseconds interval)\nBuild info: version: '4.4.0', revision: 'e5c75ed026a'\nSystem info: host: 'DESKTOP-DH252H2', ip: '192.168.56.1', os.name: 'Windows 10', os.arch: 'amd64', os.version: '10.0', java.version: '18.0.2'\nDriver info: net.bytebuddy.renamed.java.lang.Object$ByteBuddy$8PZG7LlN\nCapabilities {acceptInsecureCerts: false, browserName: chrome, browserVersion: 106.0.5249.119, chrome: {chromedriverVersion: 106.0.5249.61 (511755355844..., userDataDir: C:\\Users\\Ivan\\AppData\\Local...}, goog:chromeOptions: {debuggerAddress: localhost:62411}, networkConnectionEnabled: false, pageLoadStrategy: normal, platformName: WINDOWS, proxy: Proxy(), se:cdp: ws://localhost:62411/devtoo..., se:cdpVersion: 106.0.5249.119, setWindowRect: true, strictFileInteractability: false, timeouts: {implicit: 0, pageLoad: 300000, script: 30000}, unhandledPromptBehavior: dismiss and notify, webauthn:extension:credBlob: true, webauthn:extension:largeBlob: true, webauthn:virtualAuthenticators: true}\nSession ID: 019d61b14d28d1fc69d092f3e571013d","trace":"org.openqa.selenium.TimeoutException: Expected condition failed: Element is not visible (tried for 10 second(s) with 1000 milliseconds interval)\nBuild info: version: '4.4.0', revision: 'e5c75ed026a'\nSystem info: host: 'DESKTOP-DH252H2', ip: '192.168.56.1', os.name: 'Windows 10', os.arch: 'amd64', os.version: '10.0', java.version: '18.0.2'\nDriver info: net.bytebuddy.renamed.java.lang.Object$ByteBuddy$8PZG7LlN\nCapabilities {acceptInsecureCerts: false, browserName: chrome, browserVersion: 106.0.5249.119, chrome: {chromedriverVersion: 106.0.5249.61 (511755355844..., userDataDir: C:\\Users\\Ivan\\AppData\\Local...}, goog:chromeOptions: {debuggerAddress: localhost:62411}, networkConnectionEnabled: false, pageLoadStrategy: normal, platformName: WINDOWS, proxy: Proxy(), se:cdp: ws://localhost:62411/devtoo..., se:cdpVersion: 106.0.5249.119, setWindowRect: true, strictFileInteractability: false, timeouts: {implicit: 0, pageLoad: 300000, script: 30000}, unhandledPromptBehavior: dismiss and notify, webauthn:extension:credBlob: true, webauthn:extension:largeBlob: true, webauthn:virtualAuthenticators: true}\nSession ID: 019d61b14d28d1fc69d092f3e571013d\r\n\tat org.openqa.selenium.support.ui.WebDriverWait.timeoutException(WebDriverWait.java:87)\r\n\tat org.openqa.selenium.support.ui.FluentWait.until(FluentWait.java:231)\r\n\tat org.example.utils.WaitUtils.waitElementToDisappear(WaitUtils.java:20)\r\n\tat org.example.pages.MainPage$RegisterForm.fillResisterForm(MainPage.java:104)\r\n\tat org.example.pages.MainPage.registerUser(MainPage.java:36)\r\n\tat org.example.LoginUserTest.loginUserTest(LoginUserTest.java:18)\r\n\tat java.base/jdk.internal.reflect.DirectMethodHandleAccessor.invoke(DirectMethodHandleAccessor.java:104)\r\n\tat java.base/java.lang.reflect.Method.invoke(Method.java:577)\r\n\tat org.testng.internal.invokers.MethodInvocationHelper.invokeMethod(MethodInvocationHelper.java:135)\r\n\tat org.testng.internal.invokers.TestInvoker.invokeMethod(TestInvoker.java:673)\r\n\tat org.testng.internal.invokers.TestInvoker.invokeTestMethod(TestInvoker.java:220)\r\n\tat org.testng.internal.invokers.MethodRunner.runInSequence(MethodRunner.java:50)\r\n\tat org.testng.internal.invokers.TestInvoker$MethodInvocationAgent.invoke(TestInvoker.java:945)\r\n\tat org.testng.internal.invokers.TestInvoker.invokeTestMethods(TestInvoker.java:193)\r\n\tat org.testng.internal.invokers.TestMethodWorker.invokeTestMethods(TestMethodWorker.java:146)\r\n\tat org.testng.internal.invokers.TestMethodWorker.run(TestMethodWorker.java:128)\r\n\tat java.base/java.util.concurrent.ThreadPoolExecutor.runWorker(ThreadPoolExecutor.java:1136)\r\n\tat java.base/java.util.concurrent.ThreadPoolExecutor$Worker.run(ThreadPoolExecutor.java:635)\r\n\tat java.base/java.lang.Thread.run(Thread.java:833)\r\n"},"stage":"finished","steps":[{"name":"Fill in [User Name], with value: [karmen.kautzer]","status":"passed","stage":"finished","steps":[],"attachments":[],"parameters":[{"name":"value","value":"karmen.kautzer"}],"start":1666561925444,"stop":1666561927243},{"name":"Fill in [User FirstName], with value: [Willy]","status":"passed","stage":"finished","steps":[],"attachments":[],"parameters":[{"name":"value","value":"Willy"}],"start":1666561927243,"stop":1666561928799},{"name":"Fill in [User LastName], with value: [Jacobi]","status":"passed","stage":"finished","steps":[],"attachments":[],"parameters":[{"name":"value","value":"Jacobi"}],"start":1666561928800,"stop":1666561930658},{"name":"Fill in [User email], with value: [felipe.mueller@yahoo.com]","status":"passed","stage":"finished","steps":[],"attachments":[],"parameters":[{"name":"value","value":"felipe.mueller@yahoo.com"}],"start":1666561930661,"stop":1666561932128},{"name":"Fill in [User password], with value: [34js8k5r]","status":"passed","stage":"finished","steps":[],"attachments":[],"parameters":[{"name":"value","value":"34js8k5r"}],"start":1666561932129,"stop":1666561933294}],"attachments":[],"parameters":[{"name":"user","value":"User{userName='karmen.kautzer', firstName='Willy', lastName='Jacobi', email='felipe.mueller@yahoo.com', password='34js8k5r'}"}],"start":1666561925443,"stop":1666561944813}],"attachments":[],"parameters":[],"start":1666561918587,"stop":1666561944813,"uuid":"07006dd6-fc33-4e02-b6f8-a26a7ceaf6e9","historyId":"79c0bd0ff33c4df3cbe5b0cce78d984e","fullName":"org.example.LoginUserTest.loginUserTest","labels":[{"name":"package","value":"org.example.LoginUserTest"},{"name":"testClass","value":"org.example.LoginUserTest"},{"name":"testMethod","value":"loginUserTest"},{"name":"parentSuite","value":"Smoke Test Suite"},{"name":"suite","value":"Main Page test"},{"name":"subSuite","value":"org.example.LoginUserTest"},{"name":"host","value":"DESKTOP-DH252H2"},{"name":"thread","value":"6344@DESKTOP-DH252H2.TestNG-test=Main Page test-2(21)"},{"name":"framework","value":"testng"},{"name":"language","value":"java"}],"links":[]}