{"name":"loginUserTest","status":"broken","statusDetails":{"known":false,"muted":false,"flaky":false,"message":"Expected condition failed: Element is not visible (tried for 10 second(s) with 1000 milliseconds interval)\nBuild info: version: '4.4.0', revision: 'e5c75ed026a'\nSystem info: host: 'DESKTOP-DH252H2', ip: '192.168.56.1', os.name: 'Windows 10', os.arch: 'amd64', os.version: '10.0', java.version: '18.0.2'\nDriver info: net.bytebuddy.renamed.java.lang.Object$ByteBuddy$5jP7rV0j\nCapabilities {acceptInsecureCerts: false, browserName: chrome, browserVersion: 106.0.5249.119, chrome: {chromedriverVersion: 106.0.5249.61 (511755355844..., userDataDir: C:\\Users\\Ivan\\AppData\\Local...}, goog:chromeOptions: {debuggerAddress: localhost:62188}, networkConnectionEnabled: false, pageLoadStrategy: normal, platformName: WINDOWS, proxy: Proxy(), se:cdp: ws://localhost:62188/devtoo..., se:cdpVersion: 106.0.5249.119, setWindowRect: true, strictFileInteractability: false, timeouts: {implicit: 0, pageLoad: 300000, script: 30000}, unhandledPromptBehavior: dismiss and notify, webauthn:extension:credBlob: true, webauthn:extension:largeBlob: true, webauthn:virtualAuthenticators: true}\nSession ID: 9c10f8df30051935c6c9f01c0e5a33bd","trace":"org.openqa.selenium.TimeoutException: Expected condition failed: Element is not visible (tried for 10 second(s) with 1000 milliseconds interval)\nBuild info: version: '4.4.0', revision: 'e5c75ed026a'\nSystem info: host: 'DESKTOP-DH252H2', ip: '192.168.56.1', os.name: 'Windows 10', os.arch: 'amd64', os.version: '10.0', java.version: '18.0.2'\nDriver info: net.bytebuddy.renamed.java.lang.Object$ByteBuddy$5jP7rV0j\nCapabilities {acceptInsecureCerts: false, browserName: chrome, browserVersion: 106.0.5249.119, chrome: {chromedriverVersion: 106.0.5249.61 (511755355844..., userDataDir: C:\\Users\\Ivan\\AppData\\Local...}, goog:chromeOptions: {debuggerAddress: localhost:62188}, networkConnectionEnabled: false, pageLoadStrategy: normal, platformName: WINDOWS, proxy: Proxy(), se:cdp: ws://localhost:62188/devtoo..., se:cdpVersion: 106.0.5249.119, setWindowRect: true, strictFileInteractability: false, timeouts: {implicit: 0, pageLoad: 300000, script: 30000}, unhandledPromptBehavior: dismiss and notify, webauthn:extension:credBlob: true, webauthn:extension:largeBlob: true, webauthn:virtualAuthenticators: true}\nSession ID: 9c10f8df30051935c6c9f01c0e5a33bd\r\n\tat org.openqa.selenium.support.ui.WebDriverWait.timeoutException(WebDriverWait.java:87)\r\n\tat org.openqa.selenium.support.ui.FluentWait.until(FluentWait.java:231)\r\n\tat org.example.utils.WaitUtils.waitElementToDisappear(WaitUtils.java:20)\r\n\tat org.example.pages.MainPage$RegisterForm.fillResisterForm(MainPage.java:104)\r\n\tat org.example.pages.MainPage.registerUser(MainPage.java:36)\r\n\tat org.example.LoginUserTest.loginUserTest(LoginUserTest.java:20)\r\n\tat java.base/jdk.internal.reflect.DirectMethodHandleAccessor.invoke(DirectMethodHandleAccessor.java:104)\r\n\tat java.base/java.lang.reflect.Method.invoke(Method.java:577)\r\n\tat org.testng.internal.invokers.MethodInvocationHelper.invokeMethod(MethodInvocationHelper.java:135)\r\n\tat org.testng.internal.invokers.TestInvoker.invokeMethod(TestInvoker.java:673)\r\n\tat org.testng.internal.invokers.TestInvoker.invokeTestMethod(TestInvoker.java:220)\r\n\tat org.testng.internal.invokers.MethodRunner.runInSequence(MethodRunner.java:50)\r\n\tat org.testng.internal.invokers.TestInvoker$MethodInvocationAgent.invoke(TestInvoker.java:945)\r\n\tat org.testng.internal.invokers.TestInvoker.invokeTestMethods(TestInvoker.java:193)\r\n\tat org.testng.internal.invokers.TestMethodWorker.invokeTestMethods(TestMethodWorker.java:146)\r\n\tat org.testng.internal.invokers.TestMethodWorker.run(TestMethodWorker.java:128)\r\n\tat java.base/java.util.concurrent.ThreadPoolExecutor.runWorker(ThreadPoolExecutor.java:1136)\r\n\tat java.base/java.util.concurrent.ThreadPoolExecutor$Worker.run(ThreadPoolExecutor.java:635)\r\n\tat java.base/java.lang.Thread.run(Thread.java:833)\r\n"},"stage":"finished","description":"This test check if user can log in to the system","steps":[{"name":"Open Main Page","status":"passed","stage":"finished","steps":[],"attachments":[],"parameters":[],"start":1666622032028,"stop":1666622040060},{"name":"Fill in Register form with hte user :[User{userName='humberto.beatty', firstName='Ardith', lastName='Trantow', email='kasey.dietrich@hotmail.com', password='1r6g0g1v1r6vw1x'}]","status":"broken","statusDetails":{"known":false,"muted":false,"flaky":false,"message":"Expected condition failed: Element is not visible (tried for 10 second(s) with 1000 milliseconds interval)\nBuild info: version: '4.4.0', revision: 'e5c75ed026a'\nSystem info: host: 'DESKTOP-DH252H2', ip: '192.168.56.1', os.name: 'Windows 10', os.arch: 'amd64', os.version: '10.0', java.version: '18.0.2'\nDriver info: net.bytebuddy.renamed.java.lang.Object$ByteBuddy$5jP7rV0j\nCapabilities {acceptInsecureCerts: false, browserName: chrome, browserVersion: 106.0.5249.119, chrome: {chromedriverVersion: 106.0.5249.61 (511755355844..., userDataDir: C:\\Users\\Ivan\\AppData\\Local...}, goog:chromeOptions: {debuggerAddress: localhost:62188}, networkConnectionEnabled: false, pageLoadStrategy: normal, platformName: WINDOWS, proxy: Proxy(), se:cdp: ws://localhost:62188/devtoo..., se:cdpVersion: 106.0.5249.119, setWindowRect: true, strictFileInteractability: false, timeouts: {implicit: 0, pageLoad: 300000, script: 30000}, unhandledPromptBehavior: dismiss and notify, webauthn:extension:credBlob: true, webauthn:extension:largeBlob: true, webauthn:virtualAuthenticators: true}\nSession ID: 9c10f8df30051935c6c9f01c0e5a33bd","trace":"org.openqa.selenium.TimeoutException: Expected condition failed: Element is not visible (tried for 10 second(s) with 1000 milliseconds interval)\nBuild info: version: '4.4.0', revision: 'e5c75ed026a'\nSystem info: host: 'DESKTOP-DH252H2', ip: '192.168.56.1', os.name: 'Windows 10', os.arch: 'amd64', os.version: '10.0', java.version: '18.0.2'\nDriver info: net.bytebuddy.renamed.java.lang.Object$ByteBuddy$5jP7rV0j\nCapabilities {acceptInsecureCerts: false, browserName: chrome, browserVersion: 106.0.5249.119, chrome: {chromedriverVersion: 106.0.5249.61 (511755355844..., userDataDir: C:\\Users\\Ivan\\AppData\\Local...}, goog:chromeOptions: {debuggerAddress: localhost:62188}, networkConnectionEnabled: false, pageLoadStrategy: normal, platformName: WINDOWS, proxy: Proxy(), se:cdp: ws://localhost:62188/devtoo..., se:cdpVersion: 106.0.5249.119, setWindowRect: true, strictFileInteractability: false, timeouts: {implicit: 0, pageLoad: 300000, script: 30000}, unhandledPromptBehavior: dismiss and notify, webauthn:extension:credBlob: true, webauthn:extension:largeBlob: true, webauthn:virtualAuthenticators: true}\nSession ID: 9c10f8df30051935c6c9f01c0e5a33bd\r\n\tat org.openqa.selenium.support.ui.WebDriverWait.timeoutException(WebDriverWait.java:87)\r\n\tat org.openqa.selenium.support.ui.FluentWait.until(FluentWait.java:231)\r\n\tat org.example.utils.WaitUtils.waitElementToDisappear(WaitUtils.java:20)\r\n\tat org.example.pages.MainPage$RegisterForm.fillResisterForm(MainPage.java:104)\r\n\tat org.example.pages.MainPage.registerUser(MainPage.java:36)\r\n\tat org.example.LoginUserTest.loginUserTest(LoginUserTest.java:20)\r\n\tat java.base/jdk.internal.reflect.DirectMethodHandleAccessor.invoke(DirectMethodHandleAccessor.java:104)\r\n\tat java.base/java.lang.reflect.Method.invoke(Method.java:577)\r\n\tat org.testng.internal.invokers.MethodInvocationHelper.invokeMethod(MethodInvocationHelper.java:135)\r\n\tat org.testng.internal.invokers.TestInvoker.invokeMethod(TestInvoker.java:673)\r\n\tat org.testng.internal.invokers.TestInvoker.invokeTestMethod(TestInvoker.java:220)\r\n\tat org.testng.internal.invokers.MethodRunner.runInSequence(MethodRunner.java:50)\r\n\tat org.testng.internal.invokers.TestInvoker$MethodInvocationAgent.invoke(TestInvoker.java:945)\r\n\tat org.testng.internal.invokers.TestInvoker.invokeTestMethods(TestInvoker.java:193)\r\n\tat org.testng.internal.invokers.TestMethodWorker.invokeTestMethods(TestMethodWorker.java:146)\r\n\tat org.testng.internal.invokers.TestMethodWorker.run(TestMethodWorker.java:128)\r\n\tat java.base/java.util.concurrent.ThreadPoolExecutor.runWorker(ThreadPoolExecutor.java:1136)\r\n\tat java.base/java.util.concurrent.ThreadPoolExecutor$Worker.run(ThreadPoolExecutor.java:635)\r\n\tat java.base/java.lang.Thread.run(Thread.java:833)\r\n"},"stage":"finished","steps":[{"name":"Fill in [User Name], with value: [humberto.beatty]","status":"passed","stage":"finished","steps":[],"attachments":[],"parameters":[{"name":"value","value":"humberto.beatty"}],"start":1666622040873,"stop":1666622042267},{"name":"Fill in [User FirstName], with value: [Ardith]","status":"passed","stage":"finished","steps":[],"attachments":[],"parameters":[{"name":"value","value":"Ardith"}],"start":1666622042268,"stop":1666622043584},{"name":"Fill in [User LastName], with value: [Trantow]","status":"passed","stage":"finished","steps":[],"attachments":[],"parameters":[{"name":"value","value":"Trantow"}],"start":1666622043585,"stop":1666622044918},{"name":"Fill in [User email], with value: [kasey.dietrich@hotmail.com]","status":"passed","stage":"finished","steps":[],"attachments":[],"parameters":[{"name":"value","value":"kasey.dietrich@hotmail.com"}],"start":1666622044922,"stop":1666622046718},{"name":"Fill in [User password], with value: [1r6g0g1v1r6vw1x]","status":"passed","stage":"finished","steps":[],"attachments":[],"parameters":[{"name":"value","value":"1r6g0g1v1r6vw1x"}],"start":1666622046718,"stop":1666622048113}],"attachments":[],"parameters":[{"name":"user","value":"User{userName='humberto.beatty', firstName='Ardith', lastName='Trantow', email='kasey.dietrich@hotmail.com', password='1r6g0g1v1r6vw1x'}"}],"start":1666622040871,"stop":1666622066962}],"attachments":[{"name":"7c963eff-4159-413b-9396-96fca6233368","source":"4911ccbf-395f-4a0a-afec-1556407c5329-attachment"}],"parameters":[],"start":1666622030544,"stop":1666622067922,"uuid":"84e1d17d-54f1-4fd5-b420-5f11f3ac41c4","historyId":"79c0bd0ff33c4df3cbe5b0cce78d984e","fullName":"org.example.LoginUserTest.loginUserTest","labels":[{"name":"package","value":"org.example.LoginUserTest"},{"name":"testClass","value":"org.example.LoginUserTest"},{"name":"testMethod","value":"loginUserTest"},{"name":"parentSuite","value":"Smoke Test Suite"},{"name":"suite","value":"Main Page test"},{"name":"subSuite","value":"org.example.LoginUserTest"},{"name":"host","value":"DESKTOP-DH252H2"},{"name":"thread","value":"12296@DESKTOP-DH252H2.TestNG-test=Main Page test-2(21)"},{"name":"framework","value":"testng"},{"name":"language","value":"java"}],"links":[{"name":"https://example.com","type":"custom"}]}