{"name":"registerUserTest","status":"broken","statusDetails":{"known":false,"muted":false,"flaky":false,"message":"Expected condition failed: Element is not visible (tried for 10 second(s) with 1000 milliseconds interval)\nBuild info: version: '4.4.0', revision: 'e5c75ed026a'\nSystem info: host: 'DESKTOP-DH252H2', ip: '192.168.56.1', os.name: 'Windows 10', os.arch: 'amd64', os.version: '10.0', java.version: '18.0.2'\nDriver info: net.bytebuddy.renamed.java.lang.Object$ByteBuddy$1XrzqlbN\nCapabilities {acceptInsecureCerts: false, browserName: chrome, browserVersion: 106.0.5249.119, chrome: {chromedriverVersion: 106.0.5249.61 (511755355844..., userDataDir: C:\\Users\\Ivan\\AppData\\Local...}, goog:chromeOptions: {debuggerAddress: localhost:62182}, networkConnectionEnabled: false, pageLoadStrategy: normal, platformName: WINDOWS, proxy: Proxy(), se:cdp: ws://localhost:62182/devtoo..., se:cdpVersion: 106.0.5249.119, setWindowRect: true, strictFileInteractability: false, timeouts: {implicit: 0, pageLoad: 300000, script: 30000}, unhandledPromptBehavior: dismiss and notify, webauthn:extension:credBlob: true, webauthn:extension:largeBlob: true, webauthn:virtualAuthenticators: true}\nSession ID: 84b1b2c82f13597cd7adb6e472e122ca","trace":"org.openqa.selenium.TimeoutException: Expected condition failed: Element is not visible (tried for 10 second(s) with 1000 milliseconds interval)\nBuild info: version: '4.4.0', revision: 'e5c75ed026a'\nSystem info: host: 'DESKTOP-DH252H2', ip: '192.168.56.1', os.name: 'Windows 10', os.arch: 'amd64', os.version: '10.0', java.version: '18.0.2'\nDriver info: net.bytebuddy.renamed.java.lang.Object$ByteBuddy$1XrzqlbN\nCapabilities {acceptInsecureCerts: false, browserName: chrome, browserVersion: 106.0.5249.119, chrome: {chromedriverVersion: 106.0.5249.61 (511755355844..., userDataDir: C:\\Users\\Ivan\\AppData\\Local...}, goog:chromeOptions: {debuggerAddress: localhost:62182}, networkConnectionEnabled: false, pageLoadStrategy: normal, platformName: WINDOWS, proxy: Proxy(), se:cdp: ws://localhost:62182/devtoo..., se:cdpVersion: 106.0.5249.119, setWindowRect: true, strictFileInteractability: false, timeouts: {implicit: 0, pageLoad: 300000, script: 30000}, unhandledPromptBehavior: dismiss and notify, webauthn:extension:credBlob: true, webauthn:extension:largeBlob: true, webauthn:virtualAuthenticators: true}\nSession ID: 84b1b2c82f13597cd7adb6e472e122ca\r\n\tat org.openqa.selenium.support.ui.WebDriverWait.timeoutException(WebDriverWait.java:87)\r\n\tat org.openqa.selenium.support.ui.FluentWait.until(FluentWait.java:231)\r\n\tat org.example.utils.WaitUtils.waitElementToDisappear(WaitUtils.java:20)\r\n\tat org.example.pages.MainPage$RegisterForm.fillResisterForm(MainPage.java:104)\r\n\tat org.example.pages.MainPage.registerUser(MainPage.java:36)\r\n\tat org.example.pages.MainPage.registerRandomUser(MainPage.java:72)\r\n\tat org.example.RegisterUserTest.registerUserTest(RegisterUserTest.java:13)\r\n\tat java.base/jdk.internal.reflect.DirectMethodHandleAccessor.invoke(DirectMethodHandleAccessor.java:104)\r\n\tat java.base/java.lang.reflect.Method.invoke(Method.java:577)\r\n\tat org.testng.internal.invokers.MethodInvocationHelper.invokeMethod(MethodInvocationHelper.java:135)\r\n\tat org.testng.internal.invokers.TestInvoker.invokeMethod(TestInvoker.java:673)\r\n\tat org.testng.internal.invokers.TestInvoker.invokeTestMethod(TestInvoker.java:220)\r\n\tat org.testng.internal.invokers.MethodRunner.runInSequence(MethodRunner.java:50)\r\n\tat org.testng.internal.invokers.TestInvoker$MethodInvocationAgent.invoke(TestInvoker.java:945)\r\n\tat org.testng.internal.invokers.TestInvoker.invokeTestMethods(TestInvoker.java:193)\r\n\tat org.testng.internal.invokers.TestMethodWorker.invokeTestMethods(TestMethodWorker.java:146)\r\n\tat org.testng.internal.invokers.TestMethodWorker.run(TestMethodWorker.java:128)\r\n\tat java.base/java.util.concurrent.ThreadPoolExecutor.runWorker(ThreadPoolExecutor.java:1136)\r\n\tat java.base/java.util.concurrent.ThreadPoolExecutor$Worker.run(ThreadPoolExecutor.java:635)\r\n\tat java.base/java.lang.Thread.run(Thread.java:833)\r\n"},"stage":"finished","steps":[{"name":"Open Main Page","status":"passed","stage":"finished","steps":[],"attachments":[],"parameters":[],"start":1666622030892,"stop":1666622039309},{"name":"Fill in Register form with hte user :[User{userName='von.jast', firstName='Kenny', lastName='Nolan', email='leandra.weimann@yahoo.com', password='bzhrtdt3ri'}]","status":"broken","statusDetails":{"known":false,"muted":false,"flaky":false,"message":"Expected condition failed: Element is not visible (tried for 10 second(s) with 1000 milliseconds interval)\nBuild info: version: '4.4.0', revision: 'e5c75ed026a'\nSystem info: host: 'DESKTOP-DH252H2', ip: '192.168.56.1', os.name: 'Windows 10', os.arch: 'amd64', os.version: '10.0', java.version: '18.0.2'\nDriver info: net.bytebuddy.renamed.java.lang.Object$ByteBuddy$1XrzqlbN\nCapabilities {acceptInsecureCerts: false, browserName: chrome, browserVersion: 106.0.5249.119, chrome: {chromedriverVersion: 106.0.5249.61 (511755355844..., userDataDir: C:\\Users\\Ivan\\AppData\\Local...}, goog:chromeOptions: {debuggerAddress: localhost:62182}, networkConnectionEnabled: false, pageLoadStrategy: normal, platformName: WINDOWS, proxy: Proxy(), se:cdp: ws://localhost:62182/devtoo..., se:cdpVersion: 106.0.5249.119, setWindowRect: true, strictFileInteractability: false, timeouts: {implicit: 0, pageLoad: 300000, script: 30000}, unhandledPromptBehavior: dismiss and notify, webauthn:extension:credBlob: true, webauthn:extension:largeBlob: true, webauthn:virtualAuthenticators: true}\nSession ID: 84b1b2c82f13597cd7adb6e472e122ca","trace":"org.openqa.selenium.TimeoutException: Expected condition failed: Element is not visible (tried for 10 second(s) with 1000 milliseconds interval)\nBuild info: version: '4.4.0', revision: 'e5c75ed026a'\nSystem info: host: 'DESKTOP-DH252H2', ip: '192.168.56.1', os.name: 'Windows 10', os.arch: 'amd64', os.version: '10.0', java.version: '18.0.2'\nDriver info: net.bytebuddy.renamed.java.lang.Object$ByteBuddy$1XrzqlbN\nCapabilities {acceptInsecureCerts: false, browserName: chrome, browserVersion: 106.0.5249.119, chrome: {chromedriverVersion: 106.0.5249.61 (511755355844..., userDataDir: C:\\Users\\Ivan\\AppData\\Local...}, goog:chromeOptions: {debuggerAddress: localhost:62182}, networkConnectionEnabled: false, pageLoadStrategy: normal, platformName: WINDOWS, proxy: Proxy(), se:cdp: ws://localhost:62182/devtoo..., se:cdpVersion: 106.0.5249.119, setWindowRect: true, strictFileInteractability: false, timeouts: {implicit: 0, pageLoad: 300000, script: 30000}, unhandledPromptBehavior: dismiss and notify, webauthn:extension:credBlob: true, webauthn:extension:largeBlob: true, webauthn:virtualAuthenticators: true}\nSession ID: 84b1b2c82f13597cd7adb6e472e122ca\r\n\tat org.openqa.selenium.support.ui.WebDriverWait.timeoutException(WebDriverWait.java:87)\r\n\tat org.openqa.selenium.support.ui.FluentWait.until(FluentWait.java:231)\r\n\tat org.example.utils.WaitUtils.waitElementToDisappear(WaitUtils.java:20)\r\n\tat org.example.pages.MainPage$RegisterForm.fillResisterForm(MainPage.java:104)\r\n\tat org.example.pages.MainPage.registerUser(MainPage.java:36)\r\n\tat org.example.pages.MainPage.registerRandomUser(MainPage.java:72)\r\n\tat org.example.RegisterUserTest.registerUserTest(RegisterUserTest.java:13)\r\n\tat java.base/jdk.internal.reflect.DirectMethodHandleAccessor.invoke(DirectMethodHandleAccessor.java:104)\r\n\tat java.base/java.lang.reflect.Method.invoke(Method.java:577)\r\n\tat org.testng.internal.invokers.MethodInvocationHelper.invokeMethod(MethodInvocationHelper.java:135)\r\n\tat org.testng.internal.invokers.TestInvoker.invokeMethod(TestInvoker.java:673)\r\n\tat org.testng.internal.invokers.TestInvoker.invokeTestMethod(TestInvoker.java:220)\r\n\tat org.testng.internal.invokers.MethodRunner.runInSequence(MethodRunner.java:50)\r\n\tat org.testng.internal.invokers.TestInvoker$MethodInvocationAgent.invoke(TestInvoker.java:945)\r\n\tat org.testng.internal.invokers.TestInvoker.invokeTestMethods(TestInvoker.java:193)\r\n\tat org.testng.internal.invokers.TestMethodWorker.invokeTestMethods(TestMethodWorker.java:146)\r\n\tat org.testng.internal.invokers.TestMethodWorker.run(TestMethodWorker.java:128)\r\n\tat java.base/java.util.concurrent.ThreadPoolExecutor.runWorker(ThreadPoolExecutor.java:1136)\r\n\tat java.base/java.util.concurrent.ThreadPoolExecutor$Worker.run(ThreadPoolExecutor.java:635)\r\n\tat java.base/java.lang.Thread.run(Thread.java:833)\r\n"},"stage":"finished","steps":[{"name":"Fill in [User Name], with value: [von.jast]","status":"passed","stage":"finished","steps":[],"attachments":[],"parameters":[{"name":"value","value":"von.jast"}],"start":1666622040744,"stop":1666622042367},{"name":"Fill in [User FirstName], with value: [Kenny]","status":"passed","stage":"finished","steps":[],"attachments":[],"parameters":[{"name":"value","value":"Kenny"}],"start":1666622042367,"stop":1666622044038},{"name":"Fill in [User LastName], with value: [Nolan]","status":"passed","stage":"finished","steps":[],"attachments":[],"parameters":[{"name":"value","value":"Nolan"}],"start":1666622044038,"stop":1666622046343},{"name":"Fill in [User email], with value: [leandra.weimann@yahoo.com]","status":"passed","stage":"finished","steps":[],"attachments":[],"parameters":[{"name":"value","value":"leandra.weimann@yahoo.com"}],"start":1666622046344,"stop":1666622048907},{"name":"Fill in [User password], with value: [bzhrtdt3ri]","status":"passed","stage":"finished","steps":[],"attachments":[],"parameters":[{"name":"value","value":"bzhrtdt3ri"}],"start":1666622048909,"stop":1666622050452}],"attachments":[],"parameters":[{"name":"user","value":"User{userName='von.jast', firstName='Kenny', lastName='Nolan', email='leandra.weimann@yahoo.com', password='bzhrtdt3ri'}"}],"start":1666622040726,"stop":1666622067978}],"attachments":[{"name":"c2d8d8b8-9f5d-4532-bc3b-b71df561d657","source":"9842d3ba-ac86-4635-bef7-64e1b97c6fd0-attachment"}],"parameters":[],"start":1666622030544,"stop":1666622068615,"uuid":"c64fb1cc-0f1c-4b2f-be6c-a6137f081705","historyId":"773521a8944f83f169a5813a86f5dc9e","fullName":"org.example.RegisterUserTest.registerUserTest","labels":[{"name":"package","value":"org.example.RegisterUserTest"},{"name":"testClass","value":"org.example.RegisterUserTest"},{"name":"testMethod","value":"registerUserTest"},{"name":"parentSuite","value":"Smoke Test Suite"},{"name":"suite","value":"Main Page test"},{"name":"subSuite","value":"org.example.RegisterUserTest"},{"name":"host","value":"DESKTOP-DH252H2"},{"name":"thread","value":"12296@DESKTOP-DH252H2.TestNG-test=Main Page test-1(20)"},{"name":"framework","value":"testng"},{"name":"language","value":"java"}],"links":[]}